[openstudio.runmanager.RunManager] <-1> Time to load for uuid: {ff52d066-ced4-4602-8aa5-472f84db91df} 0
[openstudio.runmanager.RunManager] <-1> Time to parse tools for uuid: {ff52d066-ced4-4602-8aa5-472f84db91df} 0
[openstudio.runmanager.RunManager] <-1> Time to parse params for uuid: {ff52d066-ced4-4602-8aa5-472f84db91df} 0
[openstudio.runmanager.RunManager] <-1> Time to parse files for uuid: {ff52d066-ced4-4602-8aa5-472f84db91df} 0
[openstudio.runmanager.RunManager] <-1> Time to load for uuid: {e1683f0a-5706-40b4-a96e-088f6250d335} 0
[openstudio.runmanager.RunManager] <-1> Time to parse tools for uuid: {e1683f0a-5706-40b4-a96e-088f6250d335} 0
[openstudio.runmanager.RunManager] <-1> Time to parse params for uuid: {e1683f0a-5706-40b4-a96e-088f6250d335} 0
[openstudio.runmanager.RunManager] <-1> Time to parse files for uuid: {e1683f0a-5706-40b4-a96e-088f6250d335} 0
[openstudio.runmanager.RunManager] <-1> Time to load for uuid: {3c2b7d8c-7de7-4f00-bbf4-8f60ccf5c235} 0
[openstudio.runmanager.RunManager] <-1> Time to parse tools for uuid: {3c2b7d8c-7de7-4f00-bbf4-8f60ccf5c235} 0
[openstudio.runmanager.RunManager] <-1> Time to parse params for uuid: {3c2b7d8c-7de7-4f00-bbf4-8f60ccf5c235} 0
[openstudio.runmanager.RunManager] <-1> Time to parse files for uuid: {3c2b7d8c-7de7-4f00-bbf4-8f60ccf5c235} 0
[openstudio.runmanager.RunManager] <-1> Time to load for uuid: {5e2e2af0-b977-4bb1-8094-c79dfbb42c37} 0
[openstudio.runmanager.RunManager] <-1> Time to parse tools for uuid: {5e2e2af0-b977-4bb1-8094-c79dfbb42c37} 0
[openstudio.runmanager.RunManager] <-1> Time to parse params for uuid: {5e2e2af0-b977-4bb1-8094-c79dfbb42c37} 0
[openstudio.runmanager.RunManager] <-1> Time to parse files for uuid: {5e2e2af0-b977-4bb1-8094-c79dfbb42c37} 0
[openstudio.runmanager.RunManager] <-1> Time to load for uuid: {ee8db7f7-36b1-48dc-b475-ce2e66085eaf} 0
[openstudio.runmanager.RunManager] <-1> Time to parse tools for uuid: {ee8db7f7-36b1-48dc-b475-ce2e66085eaf} 0
[openstudio.runmanager.RunManager] <-1> Time to parse params for uuid: {ee8db7f7-36b1-48dc-b475-ce2e66085eaf} 0
[openstudio.runmanager.RunManager] <-1> Time to parse files for uuid: {ee8db7f7-36b1-48dc-b475-ce2e66085eaf} 0
[openstudio.LocalLibraryController] <-2> Creating LocalLibraryController with base app 0000002C029CF950
[utilities.bcl.BCLMeasure] <-2> Loading measures in path: C:/Program Files/OpenStudio 1.11.0/share/openstudio-1.11.0/pat/Measures
[utilities.bcl.BCLMeasure] <-2> Attempting to load measure: C:/Program Files/OpenStudio 1.11.0/share/openstudio-1.11.0/pat/Measures/CalibrationReports
[utilities.bcl.BCLMeasure] <-2> Success loading measure: C:/Program Files/OpenStudio 1.11.0/share/openstudio-1.11.0/pat/Measures/CalibrationReports
[utilities.bcl.BCLMeasure] <-2> Attempting to load measure: C:/Program Files/OpenStudio 1.11.0/share/openstudio-1.11.0/pat/Measures/RadianceMeasure
[utilities.bcl.BCLMeasure] <-2> Success loading measure: C:/Program Files/OpenStudio 1.11.0/share/openstudio-1.11.0/pat/Measures/RadianceMeasure
[utilities.bcl.BCLMeasure] <-2> Attempting to load measure: C:/Program Files/OpenStudio 1.11.0/share/openstudio-1.11.0/pat/Measures/ReplaceModel
[utilities.bcl.BCLMeasure] <-2> Success loading measure: C:/Program Files/OpenStudio 1.11.0/share/openstudio-1.11.0/pat/Measures/ReplaceModel
[utilities.bcl.BCLMeasure] <-2> Attempting to load measure: C:/Program Files/OpenStudio 1.11.0/share/openstudio-1.11.0/pat/Measures/ReportRequest
[utilities.bcl.BCLMeasure] <-2> Success loading measure: C:/Program Files/OpenStudio 1.11.0/share/openstudio-1.11.0/pat/Measures/ReportRequest
[utilities.bcl.BCLMeasure] <-2> Attempting to load measure: C:/Program Files/OpenStudio 1.11.0/share/openstudio-1.11.0/pat/Measures/StandardReports
[utilities.bcl.BCLMeasure] <-2> Success loading measure: C:/Program Files/OpenStudio 1.11.0/share/openstudio-1.11.0/pat/Measures/StandardReports
[utilities.bcl.BCLMeasure] <-2> Loading measures in path: C:/Users/edoua/OpenStudio/Measures
[openstudio.EpwFile] <0> Header start day of the week and actual start day of the week do not match in EPW file 'C:/Users/edoua/AppData/Local/Temp/OpenStudio.pq1096/resources/files/ITA_Piacenza.160840_IGDG.epw'. Data will be treated as typical (TMY)
[openstudio.model.LayeredConstruction] <0> Skipping layer 2 in Object of type 'OS:Construction' and named 'ASHRAE 189.1-2009 ExtWall Mass ClimateZone 3', as there is no Material object referenced by the corresponding field.
[openstudio.model.LayeredConstruction] <0> Skipping layer 2 in Object of type 'OS:Construction' and named 'ASHRAE 189.1-2009 ExtWall Mass ClimateZone 3', as there is no Material object referenced by the corresponding field.
[openstudio.model.LayeredConstruction] <0> Skipping layer 2 in Object of type 'OS:Construction' and named 'ASHRAE 189.1-2009 ExtWall Mass ClimateZone 3', as there is no Material object referenced by the corresponding field.
[openstudio.model.LayeredConstruction] <0> Skipping layer 2 in Object of type 'OS:Construction' and named 'ASHRAE 189.1-2009 ExtWall Mass ClimateZone 3', as there is no Material object referenced by the corresponding field.
[openstudio.model.LayeredConstruction] <0> Skipping layer 3 in Object of type 'OS:Construction' and named 'ASHRAE 189.1-2009 ExtWall Mass ClimateZone 3', as there is no Material object referenced by the corresponding field.
[openstudio.model.LayeredConstruction] <0> Skipping layer 3 in Object of type 'OS:Construction' and named 'ASHRAE 189.1-2009 ExtWall Mass ClimateZone 3', as there is no Material object referenced by the corresponding field.
[openstudio.model.LayeredConstruction] <0> Skipping layer 3 in Object of type 'OS:Construction' and named 'ASHRAE 189.1-2009 ExtWall Mass ClimateZone 3', as there is no Material object referenced by the corresponding field.
[openstudio.model.LayeredConstruction] <0> Skipping layer 3 in Object of type 'OS:Construction' and named 'ASHRAE 189.1-2009 ExtWall Mass ClimateZone 3', as there is no Material object referenced by the corresponding field.
[saveModel] <-2> Saved model to 'C:/Users/edoua/AppData/Local/Temp/OpenStudio.pq1096/in.osm'
[saveModelTempDir] <-2> Copying C:/Users/edoua/AppData/Local/Temp/OpenStudio.pq1096/resources to C:/Users/edoua/Documents/Piacenza/Double Diplome/Corsi/Building systems/OpensStudioProject/Final/Wall1 Marrugo Thouvenin
[copyDir] <-1> copyDir 'C:/Users/edoua/AppData/Local/Temp/OpenStudio.pq1096/resources' to 'C:/Users/edoua/Documents/Piacenza/Double Diplome/Corsi/Building systems/OpensStudioProject/Final/Wall1 Marrugo Thouvenin'
[copyDir] <-1> Creating directory named = 'Wall1 Marrugo Thouvenin' in parentDstDir = 'C:/Users/edoua/Documents/Piacenza/Double Diplome/Corsi/Building systems/OpensStudioProject/Final'
[synchDirStructures] <-1> Synching destination 'C:/Users/edoua/Documents/Piacenza/Double Diplome/Corsi/Building systems/OpensStudioProject/Final/Wall1 Marrugo Thouvenin' with source 'C:/Users/edoua/AppData/Local/Temp/OpenStudio.pq1096/resources'
[copyDir] <-1> copyDir 'C:/Users/edoua/AppData/Local/Temp/OpenStudio.pq1096/resources/files' to 'C:/Users/edoua/Documents/Piacenza/Double Diplome/Corsi/Building systems/OpensStudioProject/Final/Wall1 Marrugo Thouvenin/files'
[copyDir] <-1> Creating directory named = 'files' in parentDstDir = 'C:/Users/edoua/Documents/Piacenza/Double Diplome/Corsi/Building systems/OpensStudioProject/Final/Wall1 Marrugo Thouvenin'
[synchDirStructures] <-1> Synching destination 'C:/Users/edoua/Documents/Piacenza/Double Diplome/Corsi/Building systems/OpensStudioProject/Final/Wall1 Marrugo Thouvenin/files' with source 'C:/Users/edoua/AppData/Local/Temp/OpenStudio.pq1096/resources/files'
[copyDir] <-1> copyDir 'C:/Users/edoua/AppData/Local/Temp/OpenStudio.pq1096/resources/run' to 'C:/Users/edoua/Documents/Piacenza/Double Diplome/Corsi/Building systems/OpensStudioProject/Final/Wall1 Marrugo Thouvenin/run'
[copyDir] <-1> Creating directory named = 'run' in parentDstDir = 'C:/Users/edoua/Documents/Piacenza/Double Diplome/Corsi/Building systems/OpensStudioProject/Final/Wall1 Marrugo Thouvenin'
[synchDirStructures] <-1> Synching destination 'C:/Users/edoua/Documents/Piacenza/Double Diplome/Corsi/Building systems/OpensStudioProject/Final/Wall1 Marrugo Thouvenin/run' with source 'C:/Users/edoua/AppData/Local/Temp/OpenStudio.pq1096/resources/run'
[copyDir] <-1> copyDir 'C:/Users/edoua/AppData/Local/Temp/OpenStudio.pq1096/resources/run/0-Null' to 'C:/Users/edoua/Documents/Piacenza/Double Diplome/Corsi/Building systems/OpensStudioProject/Final/Wall1 Marrugo Thouvenin/run/0-Null'
[copyDir] <-1> Creating directory named = '0-Null' in parentDstDir = 'C:/Users/edoua/Documents/Piacenza/Double Diplome/Corsi/Building systems/OpensStudioProject/Final/Wall1 Marrugo Thouvenin/run'
[synchDirStructures] <-1> Synching destination 'C:/Users/edoua/Documents/Piacenza/Double Diplome/Corsi/Building systems/OpensStudioProject/Final/Wall1 Marrugo Thouvenin/run/0-Null' with source 'C:/Users/edoua/AppData/Local/Temp/OpenStudio.pq1096/resources/run/0-Null'
[copyDir] <-1> copyDir 'C:/Users/edoua/AppData/Local/Temp/OpenStudio.pq1096/resources/run/1-ModelToIdf-0' to 'C:/Users/edoua/Documents/Piacenza/Double Diplome/Corsi/Building systems/OpensStudioProject/Final/Wall1 Marrugo Thouvenin/run/1-ModelToIdf-0'
[copyDir] <-1> Creating directory named = '1-ModelToIdf-0' in parentDstDir = 'C:/Users/edoua/Documents/Piacenza/Double Diplome/Corsi/Building systems/OpensStudioProject/Final/Wall1 Marrugo Thouvenin/run'
[synchDirStructures] <-1> Synching destination 'C:/Users/edoua/Documents/Piacenza/Double Diplome/Corsi/Building systems/OpensStudioProject/Final/Wall1 Marrugo Thouvenin/run/1-ModelToIdf-0' with source 'C:/Users/edoua/AppData/Local/Temp/OpenStudio.pq1096/resources/run/1-ModelToIdf-0'
[copyDir] <-1> copyDir 'C:/Users/edoua/AppData/Local/Temp/OpenStudio.pq1096/resources/run/2-ExpandObjects-0' to 'C:/Users/edoua/Documents/Piacenza/Double Diplome/Corsi/Building systems/OpensStudioProject/Final/Wall1 Marrugo Thouvenin/run/2-ExpandObjects-0'
[copyDir] <-1> Creating directory named = '2-ExpandObjects-0' in parentDstDir = 'C:/Users/edoua/Documents/Piacenza/Double Diplome/Corsi/Building systems/OpensStudioProject/Final/Wall1 Marrugo Thouvenin/run'
[synchDirStructures] <-1> Synching destination 'C:/Users/edoua/Documents/Piacenza/Double Diplome/Corsi/Building systems/OpensStudioProject/Final/Wall1 Marrugo Thouvenin/run/2-ExpandObjects-0' with source 'C:/Users/edoua/AppData/Local/Temp/OpenStudio.pq1096/resources/run/2-ExpandObjects-0'
[copyDir] <-1> copyDir 'C:/Users/edoua/AppData/Local/Temp/OpenStudio.pq1096/resources/run/3-UserScript-0' to 'C:/Users/edoua/Documents/Piacenza/Double Diplome/Corsi/Building systems/OpensStudioProject/Final/Wall1 Marrugo Thouvenin/run/3-UserScript-0'
[copyDir] <-1> Creating directory named = '3-UserScript-0' in parentDstDir = 'C:/Users/edoua/Documents/Piacenza/Double Diplome/Corsi/Building systems/OpensStudioProject/Final/Wall1 Marrugo Thouvenin/run'
[synchDirStructures] <-1> Synching destination 'C:/Users/edoua/Documents/Piacenza/Double Diplome/Corsi/Building systems/OpensStudioProject/Final/Wall1 Marrugo Thouvenin/run/3-UserScript-0' with source 'C:/Users/edoua/AppData/Local/Temp/OpenStudio.pq1096/resources/run/3-UserScript-0'
[copyDir] <-1> copyDir 'C:/Users/edoua/AppData/Local/Temp/OpenStudio.pq1096/resources/run/4-EnergyPlusPreProcess-0' to 'C:/Users/edoua/Documents/Piacenza/Double Diplome/Corsi/Building systems/OpensStudioProject/Final/Wall1 Marrugo Thouvenin/run/4-EnergyPlusPreProcess-0'
[copyDir] <-1> Creating directory named = '4-EnergyPlusPreProcess-0' in parentDstDir = 'C:/Users/edoua/Documents/Piacenza/Double Diplome/Corsi/Building systems/OpensStudioProject/Final/Wall1 Marrugo Thouvenin/run'
[synchDirStructures] <-1> Synching destination 'C:/Users/edoua/Documents/Piacenza/Double Diplome/Corsi/Building systems/OpensStudioProject/Final/Wall1 Marrugo Thouvenin/run/4-EnergyPlusPreProcess-0' with source 'C:/Users/edoua/AppData/Local/Temp/OpenStudio.pq1096/resources/run/4-EnergyPlusPreProcess-0'
[copyDir] <-1> copyDir 'C:/Users/edoua/AppData/Local/Temp/OpenStudio.pq1096/resources/run/5-EnergyPlus-0' to 'C:/Users/edoua/Documents/Piacenza/Double Diplome/Corsi/Building systems/OpensStudioProject/Final/Wall1 Marrugo Thouvenin/run/5-EnergyPlus-0'
[copyDir] <-1> Creating directory named = '5-EnergyPlus-0' in parentDstDir = 'C:/Users/edoua/Documents/Piacenza/Double Diplome/Corsi/Building systems/OpensStudioProject/Final/Wall1 Marrugo Thouvenin/run'
[synchDirStructures] <-1> Synching destination 'C:/Users/edoua/Documents/Piacenza/Double Diplome/Corsi/Building systems/OpensStudioProject/Final/Wall1 Marrugo Thouvenin/run/5-EnergyPlus-0' with source 'C:/Users/edoua/AppData/Local/Temp/OpenStudio.pq1096/resources/run/5-EnergyPlus-0'
[copyDir] <-1> copyDir 'C:/Users/edoua/AppData/Local/Temp/OpenStudio.pq1096/resources/run/6-UserScript-0' to 'C:/Users/edoua/Documents/Piacenza/Double Diplome/Corsi/Building systems/OpensStudioProject/Final/Wall1 Marrugo Thouvenin/run/6-UserScript-0'
[copyDir] <-1> Creating directory named = '6-UserScript-0' in parentDstDir = 'C:/Users/edoua/Documents/Piacenza/Double Diplome/Corsi/Building systems/OpensStudioProject/Final/Wall1 Marrugo Thouvenin/run'
[synchDirStructures] <-1> Synching destination 'C:/Users/edoua/Documents/Piacenza/Double Diplome/Corsi/Building systems/OpensStudioProject/Final/Wall1 Marrugo Thouvenin/run/6-UserScript-0' with source 'C:/Users/edoua/AppData/Local/Temp/OpenStudio.pq1096/resources/run/6-UserScript-0'
[copyDir] <-1> copyDir 'C:/Users/edoua/AppData/Local/Temp/OpenStudio.pq1096/resources/run/7-OpenStudioPostProcess-0' to 'C:/Users/edoua/Documents/Piacenza/Double Diplome/Corsi/Building systems/OpensStudioProject/Final/Wall1 Marrugo Thouvenin/run/7-OpenStudioPostProcess-0'
[copyDir] <-1> Creating directory named = '7-OpenStudioPostProcess-0' in parentDstDir = 'C:/Users/edoua/Documents/Piacenza/Double Diplome/Corsi/Building systems/OpensStudioProject/Final/Wall1 Marrugo Thouvenin/run'
[synchDirStructures] <-1> Synching destination 'C:/Users/edoua/Documents/Piacenza/Double Diplome/Corsi/Building systems/OpensStudioProject/Final/Wall1 Marrugo Thouvenin/run/7-OpenStudioPostProcess-0' with source 'C:/Users/edoua/AppData/Local/Temp/OpenStudio.pq1096/resources/run/7-OpenStudioPostProcess-0'
[copyDir] <-1> copyDir 'C:/Users/edoua/AppData/Local/Temp/OpenStudio.pq1096/resources/scripts' to 'C:/Users/edoua/Documents/Piacenza/Double Diplome/Corsi/Building systems/OpensStudioProject/Final/Wall1 Marrugo Thouvenin/scripts'
[copyDir] <-1> Creating directory named = 'scripts' in parentDstDir = 'C:/Users/edoua/Documents/Piacenza/Double Diplome/Corsi/Building systems/OpensStudioProject/Final/Wall1 Marrugo Thouvenin'
[synchDirStructures] <-1> Synching destination 'C:/Users/edoua/Documents/Piacenza/Double Diplome/Corsi/Building systems/OpensStudioProject/Final/Wall1 Marrugo Thouvenin/scripts' with source 'C:/Users/edoua/AppData/Local/Temp/OpenStudio.pq1096/resources/scripts'
[openstudio.model.LayeredConstruction] <0> Skipping layer 1 in Object of type 'OS:Construction' and named 'ASHRAE 189.1-2009 ExtWall Mass ClimateZone 3', as there is no Material object referenced by the corresponding field.
[openstudio.model.LayeredConstruction] <0> Skipping layer 1 in Object of type 'OS:Construction' and named 'ASHRAE 189.1-2009 ExtWall Mass ClimateZone 3', as there is no Material object referenced by the corresponding field.
[openstudio.model.LayeredConstruction] <0> Skipping layer 1 in Object of type 'OS:Construction' and named 'ASHRAE 189.1-2009 ExtWall Mass ClimateZone 3', as there is no Material object referenced by the corresponding field.
[openstudio.model.LayeredConstruction] <0> Skipping layer 1 in Object of type 'OS:Construction' and named 'ASHRAE 189.1-2009 ExtWall Mass ClimateZone 3', as there is no Material object referenced by the corresponding field.
[openstudio.model.LayeredConstruction] <0> Skipping layer 2 in Object of type 'OS:Construction' and named 'ASHRAE 189.1-2009 ExtWall Mass ClimateZone 3', as there is no Material object referenced by the corresponding field.
[openstudio.model.LayeredConstruction] <0> Skipping layer 2 in Object of type 'OS:Construction' and named 'ASHRAE 189.1-2009 ExtWall Mass ClimateZone 3', as there is no Material object referenced by the corresponding field.
[openstudio.model.LayeredConstruction] <0> Skipping layer 2 in Object of type 'OS:Construction' and named 'ASHRAE 189.1-2009 ExtWall Mass ClimateZone 3', as there is no Material object referenced by the corresponding field.
[openstudio.model.LayeredConstruction] <0> Skipping layer 2 in Object of type 'OS:Construction' and named 'ASHRAE 189.1-2009 ExtWall Mass ClimateZone 3', as there is no Material object referenced by the corresponding field.
[openstudio.model.LayeredConstruction] <0> Skipping layer 3 in Object of type 'OS:Construction' and named 'ASHRAE 189.1-2009 ExtWall Mass ClimateZone 3', as there is no Material object referenced by the corresponding field.
[openstudio.model.LayeredConstruction] <0> Skipping layer 3 in Object of type 'OS:Construction' and named 'ASHRAE 189.1-2009 ExtWall Mass ClimateZone 3', as there is no Material object referenced by the corresponding field.
[openstudio.model.LayeredConstruction] <0> Skipping layer 3 in Object of type 'OS:Construction' and named 'ASHRAE 189.1-2009 ExtWall Mass ClimateZone 3', as there is no Material object referenced by the corresponding field.
[openstudio.model.LayeredConstruction] <0> Skipping layer 3 in Object of type 'OS:Construction' and named 'ASHRAE 189.1-2009 ExtWall Mass ClimateZone 3', as there is no Material object referenced by the corresponding field.
[saveModel] <-2> Saved model to 'C:/Users/edoua/AppData/Local/Temp/OpenStudio.pq1096/in.osm'
[saveModelTempDir] <-2> Copying C:/Users/edoua/AppData/Local/Temp/OpenStudio.pq1096/resources to C:/Users/edoua/Documents/Piacenza/Double Diplome/Corsi/Building systems/OpensStudioProject/Final/Wall2 Marrugo Thouvenin
[copyDir] <-1> copyDir 'C:/Users/edoua/AppData/Local/Temp/OpenStudio.pq1096/resources' to 'C:/Users/edoua/Documents/Piacenza/Double Diplome/Corsi/Building systems/OpensStudioProject/Final/Wall2 Marrugo Thouvenin'
[copyDir] <-1> Creating directory named = 'Wall2 Marrugo Thouvenin' in parentDstDir = 'C:/Users/edoua/Documents/Piacenza/Double Diplome/Corsi/Building systems/OpensStudioProject/Final'
[synchDirStructures] <-1> Synching destination 'C:/Users/edoua/Documents/Piacenza/Double Diplome/Corsi/Building systems/OpensStudioProject/Final/Wall2 Marrugo Thouvenin' with source 'C:/Users/edoua/AppData/Local/Temp/OpenStudio.pq1096/resources'
[copyDir] <-1> copyDir 'C:/Users/edoua/AppData/Local/Temp/OpenStudio.pq1096/resources/files' to 'C:/Users/edoua/Documents/Piacenza/Double Diplome/Corsi/Building systems/OpensStudioProject/Final/Wall2 Marrugo Thouvenin/files'
[copyDir] <-1> Creating directory named = 'files' in parentDstDir = 'C:/Users/edoua/Documents/Piacenza/Double Diplome/Corsi/Building systems/OpensStudioProject/Final/Wall2 Marrugo Thouvenin'
[synchDirStructures] <-1> Synching destination 'C:/Users/edoua/Documents/Piacenza/Double Diplome/Corsi/Building systems/OpensStudioProject/Final/Wall2 Marrugo Thouvenin/files' with source 'C:/Users/edoua/AppData/Local/Temp/OpenStudio.pq1096/resources/files'
